<?xml version="1.0" encoding="UTF-8"?>
<!-- Generated by org.testng.reporters.JUnitReportReporter -->
<testsuite hostname="DESKTOP-I0TPRA5" failures="0" tests="1" name="NewPracticePackage.LogInUsingTestNG" time="0.224" errors="0" timestamp="2023-09-21T16:31:33 IST" skipped="0">
  <testcase classname="NewPracticePackage.LogInUsingTestNG" name="logIn" time="0.224"/>
  <system-out/>
</testsuite> <!-- NewPracticePackage.LogInUsingTestNG -->
