<?xml version="1.0" encoding="UTF-8"?>
<!-- Generated by org.testng.reporters.JUnitReportReporter -->
<testsuite hostname="DESKTOP-I0TPRA5" failures="0" tests="1" name="NewPracticePackage.PracticeClass" time="39.208" errors="0" timestamp="2023-09-21T20:04:19 IST" skipped="0">
  <testcase classname="NewPracticePackage.PracticeClass" name="practice" time="39.208"/>
  <system-out/>
</testsuite> <!-- NewPracticePackage.PracticeClass -->
